  Game.cpp
C:\Users\I-MAG\Documents\GitHub\TP-MAVI-II-U4\TP MAVI II - U4\Resortes\Src\Game.cpp(96,76): warning C4244: 'argumento': conversión de 'T' a 'T'; posible pérdida de datos
          with
          [
              T=int
          ]
          and
          [
              T=float
          ]
C:\Users\I-MAG\Documents\GitHub\TP-MAVI-II-U4\TP MAVI II - U4\Resortes\Src\Game.cpp(96,59): warning C4244: 'argumento': conversión de 'T' a 'T'; posible pérdida de datos
          with
          [
              T=int
          ]
          and
          [
              T=float
          ]
C:\Users\I-MAG\Documents\GitHub\TP-MAVI-II-U4\TP MAVI II - U4\Resortes\Src\Game.cpp(139,71): warning C4244: 'argumento': conversión de 'T' a 'T'; posible pérdida de datos
          with
          [
              T=int
          ]
          and
          [
              T=float
          ]
C:\Users\I-MAG\Documents\GitHub\TP-MAVI-II-U4\TP MAVI II - U4\Resortes\Src\Game.cpp(139,54): warning C4244: 'argumento': conversión de 'T' a 'T'; posible pérdida de datos
          with
          [
              T=int
          ]
          and
          [
              T=float
          ]
  Box2dResortes.vcxproj -> C:\Users\I-MAG\Documents\GitHub\TP-MAVI-II-U4\TP MAVI II - U4\Resortes\Bin\Debug\Box2dResortes.exe
